


ARM Macro Assembler    Page 1 


    1 00000000         ;/*
    2 00000000         ;*******************************************************
                       **************************************************
    3 00000000         ;*                                             HT633X
    4 00000000         ;*                                         Library Funct
                       ion
    5 00000000         ;*
    6 00000000         ;*                                  Copyright 2021, Hi-T
                       rend Tech, Corp.
    7 00000000         ;*                                       All Rights Rese
                       rved
    8 00000000         ;*
    9 00000000         ;*
   10 00000000         ;* Project      : HT6xxx
   11 00000000         ;* File         : startup_h633x.s
   12 00000000         ;* By           : SDTeam
   13 00000000         ;* Version      : Version1_1_20220209
   14 00000000         ;* Description  : 
   15 00000000         ;*******************************************************
                       **************************************************
   16 00000000         ;*/
   17 00000000         
   18 00000000         ; <h> Stack Configuration
   19 00000000         ;   <o> Stack Size (in Bytes) <0x0-0xFFFFFFFF:8>
   20 00000000         ; </h>
   21 00000000         
   22 00000000 00004000 
                       Stack_Size
                               EQU              0x00004000
   23 00000000         
   24 00000000                 AREA             STACK, NOINIT, READWRITE, ALIGN
=3
   25 00000000         Stack_Mem
                               SPACE            Stack_Size
   26 00004000         __initial_sp
   27 00004000         
   28 00004000         
   29 00004000         ; <h> Heap Configuration
   30 00004000         ;   <o>  Heap Size (in Bytes) <0x0-0xFFFFFFFF:8>
   31 00004000         ; </h>
   32 00004000         
   33 00004000 00000000 
                       Heap_Size
                               EQU              0x00000000
   34 00004000         
   35 00004000                 AREA             HEAP, NOINIT, READWRITE, ALIGN=
3
   36 00000000         __heap_base
   37 00000000         Heap_Mem
                               SPACE            Heap_Size
   38 00000000         __heap_limit
   39 00000000         
   40 00000000         
   41 00000000                 PRESERVE8
   42 00000000                 THUMB
   43 00000000         
   44 00000000         
   45 00000000         ; Vector Table Mapped to Address 0 at Reset
   46 00000000         



ARM Macro Assembler    Page 2 


   47 00000000                 AREA             RESET, DATA, READONLY
   48 00000000                 EXPORT           __Vectors
   49 00000000         
   50 00000000 00000000 
                       __Vectors
                               DCD              __initial_sp ; Top of Stack
   51 00000004 00000000        DCD              Reset_Handler ; Reset Handler
   52 00000008 00000000        DCD              NMI_Handler ; NMI Handler
   53 0000000C 00000000        DCD              HardFault_Handler ; Hard Fault 
                                                            Handler
   54 00000010 00000000        DCD              0           ; Reserved
   55 00000014 00000000        DCD              0           ; Reserved
   56 00000018 00000000        DCD              0           ; Reserved
   57 0000001C 00000000        DCD              0           ; Reserved
   58 00000020 00000000        DCD              0           ; Reserved
   59 00000024 00000000        DCD              0           ; Reserved
   60 00000028 00000000        DCD              0           ; Reserved
   61 0000002C 00000000        DCD              SVC_Handler ; SVCall Handler
   62 00000030 00000000        DCD              0           ; Reserved
   63 00000034 00000000        DCD              0           ; Reserved
   64 00000038 00000000        DCD              PendSV_Handler ; PendSV Handler
                                                            
   65 0000003C 00000000        DCD              SysTick_Handler 
                                                            ; SysTick Handler
   66 00000040         
   67 00000040         ; External Interrupts
   68 00000040 00000000        DCD              PMU_IRQHandler ; 16+ 0: PMU
   69 00000044 00000000        DCD              AES_IRQHandler ; 16+ 1: AES
   70 00000048 00000000        DCD              EXTI0_IRQHandler ; 16+ 2: EXTI0
                                                            
   71 0000004C 00000000        DCD              EXTI1_IRQHandler ; 16+ 3: EXTI1
                                                            
   72 00000050 00000000        DCD              EXTI2_IRQHandler ; 16+ 4: EXTI2
                                                            
   73 00000054 00000000        DCD              EXTI3_IRQHandler ; 16+ 5: EXTI3
                                                            
   74 00000058 00000000        DCD              EXTI4_IRQHandler ; 16+ 6: EXTI4
                                                            
   75 0000005C 00000000        DCD              EXTI5_IRQHandler ; 16+ 7: EXTI5
                                                            
   76 00000060 00000000        DCD              EXTI6_IRQHandler ; 16+ 8: EXTI6
                                                            
   77 00000064 00000000        DCD              UART0_IRQHandler ; 16+ 9: UART0
                                                            
   78 00000068 00000000        DCD              UART1_IRQHandler ; 16+10: UART1
                                                            
   79 0000006C 00000000        DCD              UART2_IRQHandler ; 16+11: UART2
                                                            
   80 00000070 00000000        DCD              UART3_IRQHandler ; 16+12: UART3
                                                            
   81 00000074 00000000        DCD              UART4_IRQHandler ; 16+13: UART4
                                                            
   82 00000078 00000000        DCD              UART5_IRQHandler ; 16+14: UART5
                                                            
   83 0000007C 00000000        DCD              TIMER_0_IRQHandler 
                                                            ; 16+15: Timer0
   84 00000080 00000000        DCD              TIMER_1_IRQHandler 
                                                            ; 16+16: Timer1
   85 00000084 00000000        DCD              TIMER_2_IRQHandler 



ARM Macro Assembler    Page 3 


                                                            ; 16+17: Timer2
   86 00000088 00000000        DCD              TIMER_3_IRQHandler 
                                                            ; 16+18: Timer3
   87 0000008C 00000000        DCD              TBS_IRQHandler ; 16+19: TBS
   88 00000090 00000000        DCD              RTC_IRQHandler ; 16+20: RTC
   89 00000094 00000000        DCD              I2C_IRQHandler ; 16+21: I2C
   90 00000098 00000000        DCD              SPI0_IRQHandler ; 16+22: SPI0
   91 0000009C 00000000        DCD              SPI1_IRQHandler ; 16+23: SPI1
   92 000000A0 00000000        DCD              SelfTestFreq_IRQHandler 
                                                            ; 16+24: FreqTest
   93 000000A4 00000000        DCD              TIMER_4_IRQHandler 
                                                            ; 16+25: Timer4
   94 000000A8 00000000        DCD              TIMER_5_IRQHandler 
                                                            ; 16+26: Timer5
   95 000000AC 00000000        DCD              UART6_IRQHandler ; 16+27: UART6
                                                            
   96 000000B0 00000000        DCD              EXTI7_9_IRQHandler ; 16+28: EXT
                                                            I7、EXTI8、EXTI9
   97 000000B4 00000000        DCD              Reserved_IRQHandler 
                                                            ; 16+29: Reserved
   98 000000B8 00000000        DCD              SPI2_IRQHandler ; 16+30: SPI2
   99 000000BC 00000000        DCD              DMA_IRQHandler ; 16+31: DMA
  100 000000C0 00000000        DCD              LPUART_IRQHandler 
                                                            ; 16+32: LPUART
  101 000000C4 00000000        DCD              EXTI10_14_IRQHandler ; 16+33: E
                                                            XTI10、EXTI11、EX
                                                            TI12、EXTI13、EXT
                                                            I14
  102 000000C8 00000000        DCD              Reserved_IRQHandler 
                                                            ; 16+34: Reserved
  103 000000CC 00000000        DCD              SPI3_IRQHandler ; 16+35: SPI3
  104 000000D0         
  105 000000D0         
  106 000000D0                 IF               :LNOT::DEF:NO_CRP
  107 000000D0                 AREA             |.ARM.__at_0x0FC0|, CODE, READO
NLY
  108 00000000 E7FFFFF2 
                       CRP_Key DCD              0xE7FFFFF2
  109 00000004                 ENDIF
  110 00000004         
  111 00000004         
  112 00000004                 AREA             |.text|, CODE, READONLY
  113 00000000         
  114 00000000         
  115 00000000         ; Reset Handler
  116 00000000         
  117 00000000         Reset_Handler
                               PROC
  118 00000000                 EXPORT           Reset_Handler             [WEAK
]
  119 00000000                 IMPORT           SystemInit
  120 00000000                 IMPORT           __main
  121 00000000 4804            LDR              R0, =SystemInit
  122 00000002 4780            BLX              R0
  123 00000004 4804            LDR              R0, =__main
  124 00000006 4700            BX               R0
  125 00000008                 ENDP
  126 00000008         
  127 00000008         



ARM Macro Assembler    Page 4 


  128 00000008         ; Dummy Exception Handlers (infinite loops which can be 
                       modified)
  129 00000008         
  130 00000008         ; now, under COMMON NMI.c and NMI.h, a real NMI handler 
                       is created if NMI is enabled
  131 00000008         ; for particular peripheral.
  132 00000008         NMI_Handler
                               PROC
  133 00000008                 EXPORT           NMI_Handler               [WEAK
]
  134 00000008 E7FE            B                .
  135 0000000A                 ENDP
  137 0000000A         HardFault_Handler
                               PROC
  138 0000000A                 EXPORT           HardFault_Handler         [WEAK
]
  139 0000000A E7FE            B                .
  140 0000000C                 ENDP
  141 0000000C         SVC_Handler
                               PROC
  142 0000000C                 EXPORT           SVC_Handler               [WEAK
]
  143 0000000C E7FE            B                .
  144 0000000E                 ENDP
  145 0000000E         PendSV_Handler
                               PROC
  146 0000000E                 EXPORT           PendSV_Handler            [WEAK
]
  147 0000000E E7FE            B                .
  148 00000010                 ENDP
  149 00000010         SysTick_Handler
                               PROC
  150 00000010                 EXPORT           SysTick_Handler           [WEAK
]
  151 00000010 E7FE            B                .
  152 00000012                 ENDP
  153 00000012         
  154 00000012         Default_Handler
                               PROC
  155 00000012         
  156 00000012                 EXPORT           NMI_Handler               [WEAK
]
  157 00000012                 EXPORT           PMU_IRQHandler            [WEAK
]
  158 00000012                 EXPORT           AES_IRQHandler            [WEAK
]
  159 00000012                 EXPORT           EXTI0_IRQHandler          [WEAK
]
  160 00000012                 EXPORT           EXTI1_IRQHandler          [WEAK
]
  161 00000012                 EXPORT           EXTI2_IRQHandler          [WEAK
]
  162 00000012                 EXPORT           EXTI3_IRQHandler          [WEAK
]
  163 00000012                 EXPORT           EXTI4_IRQHandler          [WEAK
]
  164 00000012                 EXPORT           EXTI5_IRQHandler          [WEAK
]
  165 00000012                 EXPORT           EXTI6_IRQHandler          [WEAK



ARM Macro Assembler    Page 5 


]
  166 00000012         
  167 00000012                 EXPORT           UART0_IRQHandler          [WEAK
]
  168 00000012                 EXPORT           UART1_IRQHandler          [WEAK
]
  169 00000012                 EXPORT           UART2_IRQHandler          [WEAK
]
  170 00000012                 EXPORT           UART3_IRQHandler          [WEAK
]
  171 00000012                 EXPORT           UART4_IRQHandler          [WEAK
]
  172 00000012                 EXPORT           UART5_IRQHandler          [WEAK
]
  173 00000012                 EXPORT           TIMER_0_IRQHandler        [WEAK
]
  174 00000012                 EXPORT           TIMER_1_IRQHandler        [WEAK
]
  175 00000012                 EXPORT           TIMER_2_IRQHandler        [WEAK
]
  176 00000012                 EXPORT           TIMER_3_IRQHandler        [WEAK
]
  177 00000012                 EXPORT           TBS_IRQHandler            [WEAK
]
  178 00000012                 EXPORT           RTC_IRQHandler            [WEAK
]
  179 00000012                 EXPORT           I2C_IRQHandler            [WEAK
]
  180 00000012                 EXPORT           SPI0_IRQHandler           [WEAK
]
  181 00000012                 EXPORT           SPI1_IRQHandler           [WEAK
]
  182 00000012                 EXPORT           SelfTestFreq_IRQHandler   [WEAK
]
  183 00000012                 EXPORT           TIMER_4_IRQHandler        [WEAK
]
  184 00000012                 EXPORT           TIMER_5_IRQHandler        [WEAK
]
  185 00000012                 EXPORT           UART6_IRQHandler          [WEAK
]
  186 00000012                 EXPORT           EXTI7_9_IRQHandler        [WEAK
]
  187 00000012                 EXPORT           Reserved_IRQHandler       [WEAK
]
  188 00000012                 EXPORT           SPI2_IRQHandler           [WEAK
]
  189 00000012                 EXPORT           DMA_IRQHandler            [WEAK
]
  190 00000012                 EXPORT           LPUART_IRQHandler         [WEAK
]
  191 00000012                 EXPORT           EXTI10_14_IRQHandler      [WEAK
]
  192 00000012                 EXPORT           SPI3_IRQHandler           [WEAK
]
  193 00000012         
  194 00000012         
  195 00000012         
  196 00000012         PMU_IRQHandler
  197 00000012         AES_IRQHandler



ARM Macro Assembler    Page 6 


  198 00000012         EXTI0_IRQHandler
  199 00000012         EXTI1_IRQHandler
  200 00000012         EXTI2_IRQHandler
  201 00000012         EXTI3_IRQHandler
  202 00000012         EXTI4_IRQHandler
  203 00000012         EXTI5_IRQHandler
  204 00000012         EXTI6_IRQHandler
  205 00000012         UART0_IRQHandler
  206 00000012         UART1_IRQHandler
  207 00000012         UART2_IRQHandler
  208 00000012         UART3_IRQHandler
  209 00000012         UART4_IRQHandler
  210 00000012         UART5_IRQHandler
  211 00000012         TIMER_0_IRQHandler
  212 00000012         TIMER_1_IRQHandler
  213 00000012         TIMER_2_IRQHandler
  214 00000012         TIMER_3_IRQHandler
  215 00000012         TBS_IRQHandler
  216 00000012         RTC_IRQHandler
  217 00000012         I2C_IRQHandler
  218 00000012         SPI0_IRQHandler
  219 00000012         SPI1_IRQHandler
  220 00000012         SelfTestFreq_IRQHandler
  221 00000012         TIMER_4_IRQHandler
  222 00000012         TIMER_5_IRQHandler
  223 00000012         UART6_IRQHandler
  224 00000012         EXTI7_9_IRQHandler
  225 00000012         Reserved_IRQHandler
  226 00000012         SPI2_IRQHandler
  227 00000012         DMA_IRQHandler
  228 00000012         LPUART_IRQHandler
  229 00000012         EXTI10_14_IRQHandler
  230 00000012         SPI3_IRQHandler
  231 00000012 E7FE            B                .
  232 00000014         
  233 00000014                 ENDP
  234 00000014         
  235 00000014         
  236 00000014                 ALIGN
  237 00000014         
  238 00000014         
  239 00000014         ; User Initial Stack & Heap
  240 00000014         
  241 00000014                 IF               :DEF:__MICROLIB
  242 00000014         
  243 00000014                 EXPORT           __initial_sp
  244 00000014                 EXPORT           __heap_base
  245 00000014                 EXPORT           __heap_limit
  246 00000014         
  247 00000014                 ELSE
  261                          ENDIF
  262 00000014         
  263 00000014         
  264 00000014                 END
              00000000 
              00000000 
Command Line: --debug --xref --cpu=Cortex-M3 --apcs=interwork --depend=.\config
\ht633x\objects\startup_ht633x.d -o.\config\ht633x\objects\startup_ht633x.o -ID
:\keil\ARM\RV31\INC -ID:\keil\ARM\CMSIS\Include --predefine="__MICROLIB SETA 1"



ARM Macro Assembler    Page 7 


 --list=.\config\ht633x\listings\startup_ht633x.lst ..\..\Libraries\Startup\Kei
l\startup_ht633x.s



ARM Macro Assembler    Page 1 Alphabetic symbol ordering
Relocatable symbols

STACK 00000000

Symbol: STACK
   Definitions
      At line 24 in file ..\..\Libraries\Startup\Keil\startup_ht633x.s
   Uses
      None
Comment: STACK unused
Stack_Mem 00000000

Symbol: Stack_Mem
   Definitions
      At line 25 in file ..\..\Libraries\Startup\Keil\startup_ht633x.s
   Uses
      None
Comment: Stack_Mem unused
__initial_sp 00004000

Symbol: __initial_sp
   Definitions
      At line 26 in file ..\..\Libraries\Startup\Keil\startup_ht633x.s
   Uses
      At line 50 in file ..\..\Libraries\Startup\Keil\startup_ht633x.s
      At line 243 in file ..\..\Libraries\Startup\Keil\startup_ht633x.s

3 symbols



ARM Macro Assembler    Page 1 Alphabetic symbol ordering
Relocatable symbols

HEAP 00000000

Symbol: HEAP
   Definitions
      At line 35 in file ..\..\Libraries\Startup\Keil\startup_ht633x.s
   Uses
      None
Comment: HEAP unused
Heap_Mem 00000000

Symbol: Heap_Mem
   Definitions
      At line 37 in file ..\..\Libraries\Startup\Keil\startup_ht633x.s
   Uses
      None
Comment: Heap_Mem unused
__heap_base 00000000

Symbol: __heap_base
   Definitions
      At line 36 in file ..\..\Libraries\Startup\Keil\startup_ht633x.s
   Uses
      At line 244 in file ..\..\Libraries\Startup\Keil\startup_ht633x.s
Comment: __heap_base used once
__heap_limit 00000000

Symbol: __heap_limit
   Definitions
      At line 38 in file ..\..\Libraries\Startup\Keil\startup_ht633x.s
   Uses
      At line 245 in file ..\..\Libraries\Startup\Keil\startup_ht633x.s
Comment: __heap_limit used once
4 symbols



ARM Macro Assembler    Page 1 Alphabetic symbol ordering
Relocatable symbols

RESET 00000000

Symbol: RESET
   Definitions
      At line 47 in file ..\..\Libraries\Startup\Keil\startup_ht633x.s
   Uses
      None
Comment: RESET unused
__Vectors 00000000

Symbol: __Vectors
   Definitions
      At line 50 in file ..\..\Libraries\Startup\Keil\startup_ht633x.s
   Uses
      At line 48 in file ..\..\Libraries\Startup\Keil\startup_ht633x.s
Comment: __Vectors used once
2 symbols



ARM Macro Assembler    Page 1 Alphabetic symbol ordering
Relocatable symbols

.ARM.__at_0x0FC0 00000000

Symbol: .ARM.__at_0x0FC0
   Definitions
      At line 107 in file ..\..\Libraries\Startup\Keil\startup_ht633x.s
   Uses
      None
Comment: .ARM.__at_0x0FC0 unused
CRP_Key 00000000

Symbol: CRP_Key
   Definitions
      At line 108 in file ..\..\Libraries\Startup\Keil\startup_ht633x.s
   Uses
      None
Comment: CRP_Key unused
2 symbols



ARM Macro Assembler    Page 1 Alphabetic symbol ordering
Relocatable symbols

.text 00000000

Symbol: .text
   Definitions
      At line 112 in file ..\..\Libraries\Startup\Keil\startup_ht633x.s
   Uses
      None
Comment: .text unused
AES_IRQHandler 00000012

Symbol: AES_IRQHandler
   Definitions
      At line 197 in file ..\..\Libraries\Startup\Keil\startup_ht633x.s
   Uses
      At line 69 in file ..\..\Libraries\Startup\Keil\startup_ht633x.s
      At line 158 in file ..\..\Libraries\Startup\Keil\startup_ht633x.s

DMA_IRQHandler 00000012

Symbol: DMA_IRQHandler
   Definitions
      At line 227 in file ..\..\Libraries\Startup\Keil\startup_ht633x.s
   Uses
      At line 99 in file ..\..\Libraries\Startup\Keil\startup_ht633x.s
      At line 189 in file ..\..\Libraries\Startup\Keil\startup_ht633x.s

Default_Handler 00000012

Symbol: Default_Handler
   Definitions
      At line 154 in file ..\..\Libraries\Startup\Keil\startup_ht633x.s
   Uses
      None
Comment: Default_Handler unused
EXTI0_IRQHandler 00000012

Symbol: EXTI0_IRQHandler
   Definitions
      At line 198 in file ..\..\Libraries\Startup\Keil\startup_ht633x.s
   Uses
      At line 70 in file ..\..\Libraries\Startup\Keil\startup_ht633x.s
      At line 159 in file ..\..\Libraries\Startup\Keil\startup_ht633x.s

EXTI10_14_IRQHandler 00000012

Symbol: EXTI10_14_IRQHandler
   Definitions
      At line 229 in file ..\..\Libraries\Startup\Keil\startup_ht633x.s
   Uses
      At line 101 in file ..\..\Libraries\Startup\Keil\startup_ht633x.s
      At line 191 in file ..\..\Libraries\Startup\Keil\startup_ht633x.s

EXTI1_IRQHandler 00000012

Symbol: EXTI1_IRQHandler
   Definitions
      At line 199 in file ..\..\Libraries\Startup\Keil\startup_ht633x.s
   Uses
      At line 71 in file ..\..\Libraries\Startup\Keil\startup_ht633x.s



ARM Macro Assembler    Page 2 Alphabetic symbol ordering
Relocatable symbols

      At line 160 in file ..\..\Libraries\Startup\Keil\startup_ht633x.s

EXTI2_IRQHandler 00000012

Symbol: EXTI2_IRQHandler
   Definitions
      At line 200 in file ..\..\Libraries\Startup\Keil\startup_ht633x.s
   Uses
      At line 72 in file ..\..\Libraries\Startup\Keil\startup_ht633x.s
      At line 161 in file ..\..\Libraries\Startup\Keil\startup_ht633x.s

EXTI3_IRQHandler 00000012

Symbol: EXTI3_IRQHandler
   Definitions
      At line 201 in file ..\..\Libraries\Startup\Keil\startup_ht633x.s
   Uses
      At line 73 in file ..\..\Libraries\Startup\Keil\startup_ht633x.s
      At line 162 in file ..\..\Libraries\Startup\Keil\startup_ht633x.s

EXTI4_IRQHandler 00000012

Symbol: EXTI4_IRQHandler
   Definitions
      At line 202 in file ..\..\Libraries\Startup\Keil\startup_ht633x.s
   Uses
      At line 74 in file ..\..\Libraries\Startup\Keil\startup_ht633x.s
      At line 163 in file ..\..\Libraries\Startup\Keil\startup_ht633x.s

EXTI5_IRQHandler 00000012

Symbol: EXTI5_IRQHandler
   Definitions
      At line 203 in file ..\..\Libraries\Startup\Keil\startup_ht633x.s
   Uses
      At line 75 in file ..\..\Libraries\Startup\Keil\startup_ht633x.s
      At line 164 in file ..\..\Libraries\Startup\Keil\startup_ht633x.s

EXTI6_IRQHandler 00000012

Symbol: EXTI6_IRQHandler
   Definitions
      At line 204 in file ..\..\Libraries\Startup\Keil\startup_ht633x.s
   Uses
      At line 76 in file ..\..\Libraries\Startup\Keil\startup_ht633x.s
      At line 165 in file ..\..\Libraries\Startup\Keil\startup_ht633x.s

EXTI7_9_IRQHandler 00000012

Symbol: EXTI7_9_IRQHandler
   Definitions
      At line 224 in file ..\..\Libraries\Startup\Keil\startup_ht633x.s
   Uses
      At line 96 in file ..\..\Libraries\Startup\Keil\startup_ht633x.s
      At line 186 in file ..\..\Libraries\Startup\Keil\startup_ht633x.s

HardFault_Handler 0000000A

Symbol: HardFault_Handler



ARM Macro Assembler    Page 3 Alphabetic symbol ordering
Relocatable symbols

   Definitions
      At line 137 in file ..\..\Libraries\Startup\Keil\startup_ht633x.s
   Uses
      At line 53 in file ..\..\Libraries\Startup\Keil\startup_ht633x.s
      At line 138 in file ..\..\Libraries\Startup\Keil\startup_ht633x.s

I2C_IRQHandler 00000012

Symbol: I2C_IRQHandler
   Definitions
      At line 217 in file ..\..\Libraries\Startup\Keil\startup_ht633x.s
   Uses
      At line 89 in file ..\..\Libraries\Startup\Keil\startup_ht633x.s
      At line 179 in file ..\..\Libraries\Startup\Keil\startup_ht633x.s

LPUART_IRQHandler 00000012

Symbol: LPUART_IRQHandler
   Definitions
      At line 228 in file ..\..\Libraries\Startup\Keil\startup_ht633x.s
   Uses
      At line 100 in file ..\..\Libraries\Startup\Keil\startup_ht633x.s
      At line 190 in file ..\..\Libraries\Startup\Keil\startup_ht633x.s

NMI_Handler 00000008

Symbol: NMI_Handler
   Definitions
      At line 132 in file ..\..\Libraries\Startup\Keil\startup_ht633x.s
   Uses
      At line 52 in file ..\..\Libraries\Startup\Keil\startup_ht633x.s
      At line 133 in file ..\..\Libraries\Startup\Keil\startup_ht633x.s
      At line 156 in file ..\..\Libraries\Startup\Keil\startup_ht633x.s

PMU_IRQHandler 00000012

Symbol: PMU_IRQHandler
   Definitions
      At line 196 in file ..\..\Libraries\Startup\Keil\startup_ht633x.s
   Uses
      At line 68 in file ..\..\Libraries\Startup\Keil\startup_ht633x.s
      At line 157 in file ..\..\Libraries\Startup\Keil\startup_ht633x.s

PendSV_Handler 0000000E

Symbol: PendSV_Handler
   Definitions
      At line 145 in file ..\..\Libraries\Startup\Keil\startup_ht633x.s
   Uses
      At line 64 in file ..\..\Libraries\Startup\Keil\startup_ht633x.s
      At line 146 in file ..\..\Libraries\Startup\Keil\startup_ht633x.s

RTC_IRQHandler 00000012

Symbol: RTC_IRQHandler
   Definitions
      At line 216 in file ..\..\Libraries\Startup\Keil\startup_ht633x.s
   Uses
      At line 88 in file ..\..\Libraries\Startup\Keil\startup_ht633x.s



ARM Macro Assembler    Page 4 Alphabetic symbol ordering
Relocatable symbols

      At line 178 in file ..\..\Libraries\Startup\Keil\startup_ht633x.s

Reserved_IRQHandler 00000012

Symbol: Reserved_IRQHandler
   Definitions
      At line 225 in file ..\..\Libraries\Startup\Keil\startup_ht633x.s
   Uses
      At line 97 in file ..\..\Libraries\Startup\Keil\startup_ht633x.s
      At line 102 in file ..\..\Libraries\Startup\Keil\startup_ht633x.s
      At line 187 in file ..\..\Libraries\Startup\Keil\startup_ht633x.s

Reset_Handler 00000000

Symbol: Reset_Handler
   Definitions
      At line 117 in file ..\..\Libraries\Startup\Keil\startup_ht633x.s
   Uses
      At line 51 in file ..\..\Libraries\Startup\Keil\startup_ht633x.s
      At line 118 in file ..\..\Libraries\Startup\Keil\startup_ht633x.s

SPI0_IRQHandler 00000012

Symbol: SPI0_IRQHandler
   Definitions
      At line 218 in file ..\..\Libraries\Startup\Keil\startup_ht633x.s
   Uses
      At line 90 in file ..\..\Libraries\Startup\Keil\startup_ht633x.s
      At line 180 in file ..\..\Libraries\Startup\Keil\startup_ht633x.s

SPI1_IRQHandler 00000012

Symbol: SPI1_IRQHandler
   Definitions
      At line 219 in file ..\..\Libraries\Startup\Keil\startup_ht633x.s
   Uses
      At line 91 in file ..\..\Libraries\Startup\Keil\startup_ht633x.s
      At line 181 in file ..\..\Libraries\Startup\Keil\startup_ht633x.s

SPI2_IRQHandler 00000012

Symbol: SPI2_IRQHandler
   Definitions
      At line 226 in file ..\..\Libraries\Startup\Keil\startup_ht633x.s
   Uses
      At line 98 in file ..\..\Libraries\Startup\Keil\startup_ht633x.s
      At line 188 in file ..\..\Libraries\Startup\Keil\startup_ht633x.s

SPI3_IRQHandler 00000012

Symbol: SPI3_IRQHandler
   Definitions
      At line 230 in file ..\..\Libraries\Startup\Keil\startup_ht633x.s
   Uses
      At line 103 in file ..\..\Libraries\Startup\Keil\startup_ht633x.s
      At line 192 in file ..\..\Libraries\Startup\Keil\startup_ht633x.s

SVC_Handler 0000000C




ARM Macro Assembler    Page 5 Alphabetic symbol ordering
Relocatable symbols

Symbol: SVC_Handler
   Definitions
      At line 141 in file ..\..\Libraries\Startup\Keil\startup_ht633x.s
   Uses
      At line 61 in file ..\..\Libraries\Startup\Keil\startup_ht633x.s
      At line 142 in file ..\..\Libraries\Startup\Keil\startup_ht633x.s

SelfTestFreq_IRQHandler 00000012

Symbol: SelfTestFreq_IRQHandler
   Definitions
      At line 220 in file ..\..\Libraries\Startup\Keil\startup_ht633x.s
   Uses
      At line 92 in file ..\..\Libraries\Startup\Keil\startup_ht633x.s
      At line 182 in file ..\..\Libraries\Startup\Keil\startup_ht633x.s

SysTick_Handler 00000010

Symbol: SysTick_Handler
   Definitions
      At line 149 in file ..\..\Libraries\Startup\Keil\startup_ht633x.s
   Uses
      At line 65 in file ..\..\Libraries\Startup\Keil\startup_ht633x.s
      At line 150 in file ..\..\Libraries\Startup\Keil\startup_ht633x.s

TBS_IRQHandler 00000012

Symbol: TBS_IRQHandler
   Definitions
      At line 215 in file ..\..\Libraries\Startup\Keil\startup_ht633x.s
   Uses
      At line 87 in file ..\..\Libraries\Startup\Keil\startup_ht633x.s
      At line 177 in file ..\..\Libraries\Startup\Keil\startup_ht633x.s

TIMER_0_IRQHandler 00000012

Symbol: TIMER_0_IRQHandler
   Definitions
      At line 211 in file ..\..\Libraries\Startup\Keil\startup_ht633x.s
   Uses
      At line 83 in file ..\..\Libraries\Startup\Keil\startup_ht633x.s
      At line 173 in file ..\..\Libraries\Startup\Keil\startup_ht633x.s

TIMER_1_IRQHandler 00000012

Symbol: TIMER_1_IRQHandler
   Definitions
      At line 212 in file ..\..\Libraries\Startup\Keil\startup_ht633x.s
   Uses
      At line 84 in file ..\..\Libraries\Startup\Keil\startup_ht633x.s
      At line 174 in file ..\..\Libraries\Startup\Keil\startup_ht633x.s

TIMER_2_IRQHandler 00000012

Symbol: TIMER_2_IRQHandler
   Definitions
      At line 213 in file ..\..\Libraries\Startup\Keil\startup_ht633x.s
   Uses
      At line 85 in file ..\..\Libraries\Startup\Keil\startup_ht633x.s



ARM Macro Assembler    Page 6 Alphabetic symbol ordering
Relocatable symbols

      At line 175 in file ..\..\Libraries\Startup\Keil\startup_ht633x.s

TIMER_3_IRQHandler 00000012

Symbol: TIMER_3_IRQHandler
   Definitions
      At line 214 in file ..\..\Libraries\Startup\Keil\startup_ht633x.s
   Uses
      At line 86 in file ..\..\Libraries\Startup\Keil\startup_ht633x.s
      At line 176 in file ..\..\Libraries\Startup\Keil\startup_ht633x.s

TIMER_4_IRQHandler 00000012

Symbol: TIMER_4_IRQHandler
   Definitions
      At line 221 in file ..\..\Libraries\Startup\Keil\startup_ht633x.s
   Uses
      At line 93 in file ..\..\Libraries\Startup\Keil\startup_ht633x.s
      At line 183 in file ..\..\Libraries\Startup\Keil\startup_ht633x.s

TIMER_5_IRQHandler 00000012

Symbol: TIMER_5_IRQHandler
   Definitions
      At line 222 in file ..\..\Libraries\Startup\Keil\startup_ht633x.s
   Uses
      At line 94 in file ..\..\Libraries\Startup\Keil\startup_ht633x.s
      At line 184 in file ..\..\Libraries\Startup\Keil\startup_ht633x.s

UART0_IRQHandler 00000012

Symbol: UART0_IRQHandler
   Definitions
      At line 205 in file ..\..\Libraries\Startup\Keil\startup_ht633x.s
   Uses
      At line 77 in file ..\..\Libraries\Startup\Keil\startup_ht633x.s
      At line 167 in file ..\..\Libraries\Startup\Keil\startup_ht633x.s

UART1_IRQHandler 00000012

Symbol: UART1_IRQHandler
   Definitions
      At line 206 in file ..\..\Libraries\Startup\Keil\startup_ht633x.s
   Uses
      At line 78 in file ..\..\Libraries\Startup\Keil\startup_ht633x.s
      At line 168 in file ..\..\Libraries\Startup\Keil\startup_ht633x.s

UART2_IRQHandler 00000012

Symbol: UART2_IRQHandler
   Definitions
      At line 207 in file ..\..\Libraries\Startup\Keil\startup_ht633x.s
   Uses
      At line 79 in file ..\..\Libraries\Startup\Keil\startup_ht633x.s
      At line 169 in file ..\..\Libraries\Startup\Keil\startup_ht633x.s

UART3_IRQHandler 00000012

Symbol: UART3_IRQHandler



ARM Macro Assembler    Page 7 Alphabetic symbol ordering
Relocatable symbols

   Definitions
      At line 208 in file ..\..\Libraries\Startup\Keil\startup_ht633x.s
   Uses
      At line 80 in file ..\..\Libraries\Startup\Keil\startup_ht633x.s
      At line 170 in file ..\..\Libraries\Startup\Keil\startup_ht633x.s

UART4_IRQHandler 00000012

Symbol: UART4_IRQHandler
   Definitions
      At line 209 in file ..\..\Libraries\Startup\Keil\startup_ht633x.s
   Uses
      At line 81 in file ..\..\Libraries\Startup\Keil\startup_ht633x.s
      At line 171 in file ..\..\Libraries\Startup\Keil\startup_ht633x.s

UART5_IRQHandler 00000012

Symbol: UART5_IRQHandler
   Definitions
      At line 210 in file ..\..\Libraries\Startup\Keil\startup_ht633x.s
   Uses
      At line 82 in file ..\..\Libraries\Startup\Keil\startup_ht633x.s
      At line 172 in file ..\..\Libraries\Startup\Keil\startup_ht633x.s

UART6_IRQHandler 00000012

Symbol: UART6_IRQHandler
   Definitions
      At line 223 in file ..\..\Libraries\Startup\Keil\startup_ht633x.s
   Uses
      At line 95 in file ..\..\Libraries\Startup\Keil\startup_ht633x.s
      At line 185 in file ..\..\Libraries\Startup\Keil\startup_ht633x.s

43 symbols



ARM Macro Assembler    Page 1 Alphabetic symbol ordering
Absolute symbols

Heap_Size 00000000

Symbol: Heap_Size
   Definitions
      At line 33 in file ..\..\Libraries\Startup\Keil\startup_ht633x.s
   Uses
      At line 37 in file ..\..\Libraries\Startup\Keil\startup_ht633x.s
Comment: Heap_Size used once
Stack_Size 00004000

Symbol: Stack_Size
   Definitions
      At line 22 in file ..\..\Libraries\Startup\Keil\startup_ht633x.s
   Uses
      At line 25 in file ..\..\Libraries\Startup\Keil\startup_ht633x.s
Comment: Stack_Size used once
2 symbols



ARM Macro Assembler    Page 1 Alphabetic symbol ordering
External symbols

SystemInit 00000000

Symbol: SystemInit
   Definitions
      At line 119 in file ..\..\Libraries\Startup\Keil\startup_ht633x.s
   Uses
      At line 121 in file ..\..\Libraries\Startup\Keil\startup_ht633x.s
Comment: SystemInit used once
__main 00000000

Symbol: __main
   Definitions
      At line 120 in file ..\..\Libraries\Startup\Keil\startup_ht633x.s
   Uses
      At line 123 in file ..\..\Libraries\Startup\Keil\startup_ht633x.s
Comment: __main used once
2 symbols
393 symbols in table
